=== RUN   TestSimpleDone
--- PASS: TestSimpleDone (0.24s)
=== RUN   TestSimpleWaitDone
--- PASS: TestSimpleWaitDone (3.01s)
=== RUN   TestAddRequests
--- PASS: TestAddRequests (20.23s)
=== RUN   TestSimpleAddRequest
--- PASS: TestSimpleAddRequest (1.00s)
=== RUN   TestSimpleContainsRequest
--- PASS: TestSimpleContainsRequest (6.23s)
=== RUN   TestAddWithContainsRequest
--- PASS: TestAddWithContainsRequest (12.30s)
=== RUN   TestSimpleFeedRequest
--- PASS: TestSimpleFeedRequest (0.25s)
=== RUN   TestSimpleAddAndFeedRequest
--- PASS: TestSimpleAddAndFeedRequest (0.24s)
=== RUN   TestSimpleRemoveRequest
--- PASS: TestSimpleRemoveRequest (6.24s)
=== RUN   TestAllRequestsXtraSmall
--- PASS: TestAllRequestsXtraSmall (0.24s)
=== RUN   TestAllRequestsSmall
--- PASS: TestAllRequestsSmall (0.24s)
=== RUN   TestAllRequestsMedium
--- PASS: TestAllRequestsMedium (0.85s)
=== RUN   TestAllRequestsLarge
--- PASS: TestAllRequestsLarge (3.85s)
=== RUN   TestAllRequestsXtraLarge
--- PASS: TestAllRequestsXtraLarge (46.94s)
PASS
ok  	proj1/twitter	101.876s
